Traceback (most recent call last):
  File "c:\users\morika\appdata\local\programs\python\python39\lib\site-packages\jupyter_cache\executors\utils.py", line 51, in single_nb_execution
    executenb(
  File "c:\users\morika\appdata\local\programs\python\python39\lib\site-packages\nbclient\client.py", line 1117, in execute
    return NotebookClient(nb=nb, resources=resources, km=km, **kwargs).execute()
  File "c:\users\morika\appdata\local\programs\python\python39\lib\site-packages\nbclient\util.py", line 78, in wrapped
    return just_run(coro(*args, **kwargs))
  File "c:\users\morika\appdata\local\programs\python\python39\lib\site-packages\nbclient\util.py", line 57, in just_run
    return loop.run_until_complete(coro)
  File "c:\users\morika\appdata\local\programs\python\python39\lib\asyncio\base_events.py", line 642, in run_until_complete
    return future.result()
  File "c:\users\morika\appdata\local\programs\python\python39\lib\site-packages\nbclient\client.py", line 558, in async_execute
    await self.async_execute_cell(
  File "c:\users\morika\appdata\local\programs\python\python39\lib\site-packages\nbclient\client.py", line 862, in async_execute_cell
    self._check_raise_for_error(cell, exec_reply)
  File "c:\users\morika\appdata\local\programs\python\python39\lib\site-packages\nbclient\client.py", line 765, in _check_raise_for_error
    raise CellExecutionError.from_cell_and_msg(cell, exec_reply_content)
nbclient.exceptions.CellExecutionError: An error occurred while executing the following cell:
------------------
data = [['Prey + 1', 'alpha * x * (1 - x/k)'],
['Prey - 1', 'beta * x * y'],
['Predator + 1', 'delta * x * y'],
['Predator - 1','gamma * y']]

print(tabulate(data, headers=["Events", "Propensity"]))

------------------

[1;31m---------------------------------------------------------------------------[0m
[1;31mTypeError[0m                                 Traceback (most recent call last)
[1;32m~\AppData\Local\Temp/ipykernel_10740/1304602941.py[0m in [0;36m<module>[1;34m[0m
[0;32m      4[0m ['Predator - 1','gamma * y']]
[0;32m      5[0m [1;33m[0m[0m
[1;32m----> 6[1;33m [0mprint[0m[1;33m([0m[0mtabulate[0m[1;33m([0m[0mdata[0m[1;33m,[0m [0mheaders[0m[1;33m=[0m[1;33m[[0m[1;34m"Events"[0m[1;33m,[0m [1;34m"Propensity"[0m[1;33m][0m[1;33m)[0m[1;33m)[0m[1;33m[0m[1;33m[0m[0m
[0m
[1;31mTypeError[0m: 'module' object is not callable
TypeError: 'module' object is not callable

